FFT is generic
FFTW_PATH is /home/weiwang/software/bin
INC is 
LIBFFT is 
make[1]: Entering directory '/home/weiwang/work/11_CHAPSim/CHAPSim2'
FFT is generic
FFTW_PATH is /home/weiwang/software/bin
INC is 
LIBFFT is 
make[1]: Leaving directory '/home/weiwang/work/11_CHAPSim/CHAPSim2'
make CHAPSim -f Makefile
make[1]: Entering directory '/home/weiwang/work/11_CHAPSim/CHAPSim2'
FFT is generic
FFTW_PATH is /home/weiwang/software/bin
INC is 
LIBFFT is 
mpif90 -I./lib/2decomp_fft_updated/include -O -g -Wall -fbacktrace -fbounds-check -fcheck=all -ffpe-trap=invalid,zero,overflow -finit-real=snan -ftrapv -ffree-line-length-512 -Wuninitialized -Wmaybe-uninitialized -Wno-unused -fallow-argument-mismatch		    -DDOUBLE_PREC -fdefault-real-8 -fdefault-double-8 -DDEBUG_STEPS  -O3 -fallow-argument-mismatch  -cpp    -c  -o obj/mpi_mod.o src/mpi_mod.f90
mpif90 -I./lib/2decomp_fft_updated/include -O -g -Wall -fbacktrace -fbounds-check -fcheck=all -ffpe-trap=invalid,zero,overflow -finit-real=snan -ftrapv -ffree-line-length-512 -Wuninitialized -Wmaybe-uninitialized -Wno-unused -fallow-argument-mismatch		    -DDOUBLE_PREC -fdefault-real-8 -fdefault-double-8 -DDEBUG_STEPS  -O3 -fallow-argument-mismatch  -cpp    -c  -o obj/modules.o src/modules.f90
src/modules.f90:792:39:

  792 |  function flatten_2d_to_1d(i, j, Nx, Ny) result(n)
      |                                       1
Warning: Unused dummy argument ‘ny’ at (1) [-Wunused-dummy-argument]
src/modules.f90:786:46:

  786 |  function flatten_3d_to_1d(i, j, k, Nx, Ny, Nz) result(n)
      |                                              1
Warning: Unused dummy argument ‘nz’ at (1) [-Wunused-dummy-argument]
mpif90 -I./lib/2decomp_fft_updated/include -O -g -Wall -fbacktrace -fbounds-check -fcheck=all -ffpe-trap=invalid,zero,overflow -finit-real=snan -ftrapv -ffree-line-length-512 -Wuninitialized -Wmaybe-uninitialized -Wno-unused -fallow-argument-mismatch		    -DDOUBLE_PREC -fdefault-real-8 -fdefault-double-8 -DDEBUG_STEPS  -O3 -fallow-argument-mismatch  -cpp    -c  -o obj/tools_general.o src/tools_general.f90
src/tools_general.f90:701:48:

  701 | subroutine wrt_3d_all_debug(var, dtmp, iter, irk, str, loc)
      |                                                1
Warning: Unused dummy argument ‘irk’ at (1) [-Wunused-dummy-argument]
src/tools_general.f90:701:43:

  701 | subroutine wrt_3d_all_debug(var, dtmp, iter, irk, str, loc)
      |                                           1
Warning: Unused dummy argument ‘iter’ at (1) [-Wunused-dummy-argument]
src/tools_general.f90:701:58:

  701 | subroutine wrt_3d_all_debug(var, dtmp, iter, irk, str, loc)
      |                                                          1
Warning: Unused dummy argument ‘loc’ at (1) [-Wunused-dummy-argument]
mpif90 -I./lib/2decomp_fft_updated/include -O -g -Wall -fbacktrace -fbounds-check -fcheck=all -ffpe-trap=invalid,zero,overflow -finit-real=snan -ftrapv -ffree-line-length-512 -Wuninitialized -Wmaybe-uninitialized -Wno-unused -fallow-argument-mismatch		    -DDOUBLE_PREC -fdefault-real-8 -fdefault-double-8 -DDEBUG_STEPS  -O3 -fallow-argument-mismatch  -cpp    -c  -o obj/input_thermo.o src/input_thermo.f90
src/input_thermo.f90:450:49:

  450 |   subroutine ftp_print(this, unit, iotype, v_list, iostat, iomsg)
      |                                                 1
Warning: Unused dummy argument ‘v_list’ at (1) [-Wunused-dummy-argument]
mpif90 -I./lib/2decomp_fft_updated/include -O -g -Wall -fbacktrace -fbounds-check -fcheck=all -ffpe-trap=invalid,zero,overflow -finit-real=snan -ftrapv -ffree-line-length-512 -Wuninitialized -Wmaybe-uninitialized -Wno-unused -fallow-argument-mismatch		    -DDOUBLE_PREC -fdefault-real-8 -fdefault-double-8 -DDEBUG_STEPS  -O3 -fallow-argument-mismatch  -cpp    -c  -o obj/boundary_conditions.o src/boundary_conditions.f90
src/boundary_conditions.f90:248:39:

  248 |   subroutine apply_bc_constant_flow (dm) ! apply once only
      |                                       1
Warning: Unused dummy argument ‘dm’ at (1) [-Wunused-dummy-argument]
mpif90 -I./lib/2decomp_fft_updated/include -O -g -Wall -fbacktrace -fbounds-check -fcheck=all -ffpe-trap=invalid,zero,overflow -finit-real=snan -ftrapv -ffree-line-length-512 -Wuninitialized -Wmaybe-uninitialized -Wno-unused -fallow-argument-mismatch		    -DDOUBLE_PREC -fdefault-real-8 -fdefault-double-8 -DDEBUG_STEPS  -O3 -fallow-argument-mismatch  -cpp    -c  -o obj/input_general.o src/input_general.f90
src/input_general.f90:507:51:

  507 |         read(inputUnit, *, iostat = ioerr) varname,   itmpx(1:nxdomain)
      |                                                   ^
Warning: ‘itmpx.dim[0].ubound’ may be used uninitialized in this function [-Wmaybe-uninitialized]
mpif90 -I./lib/2decomp_fft_updated/include -O -g -Wall -fbacktrace -fbounds-check -fcheck=all -ffpe-trap=invalid,zero,overflow -finit-real=snan -ftrapv -ffree-line-length-512 -Wuninitialized -Wmaybe-uninitialized -Wno-unused -fallow-argument-mismatch		    -DDOUBLE_PREC -fdefault-real-8 -fdefault-double-8 -DDEBUG_STEPS  -O3 -fallow-argument-mismatch  -cpp    -c  -o obj/algorithms.o src/algorithms.f90
mpif90 -I./lib/2decomp_fft_updated/include -O -g -Wall -fbacktrace -fbounds-check -fcheck=all -ffpe-trap=invalid,zero,overflow -finit-real=snan -ftrapv -ffree-line-length-512 -Wuninitialized -Wmaybe-uninitialized -Wno-unused -fallow-argument-mismatch		    -DDOUBLE_PREC -fdefault-real-8 -fdefault-double-8 -DDEBUG_STEPS  -O3 -fallow-argument-mismatch  -cpp    -c  -o obj/operations.o src/operations.f90
src/operations.f90:3643:20:

 3643 |     d1(2) = dm%yp(np)   - dm%yp(np-1)
      |                    1
Error: Symbol ‘np’ at (1) has no IMPLICIT type; did you mean ‘wp’?
src/operations.f90:3314:56:

 3314 |     call buildup_ghost_cells_C(fi(:), d1(:), ibc(:), fc(-1:3), fbc(:))
      |                                                        1
Warning: Upper array reference at (1) is out of bounds (3 > 2) in dimension 1
src/operations.f90:4454:6:

 4454 |       d1(2) = dm%yp(dm%np) - dm%yp(dm%np-1)
      |      1
Error: Incompatible ranks 0 and 1 in assignment at (1)
src/operations.f90:4455:6:

 4455 |       d1(4) = dm%yp(dm%np-1) - dm%yp(dm%np-2)
      |      1
Error: Incompatible ranks 0 and 1 in assignment at (1)
src/operations.f90:2915:56:

 2915 |     call buildup_ghost_cells_C(fi(:), d1(:), ibc(:), fc(-1:3), fbc(:))
      |                                                        1
Warning: Upper array reference at (1) is out of bounds (3 > 2) in dimension 1
src/operations.f90:3410:56:

 3410 |     call buildup_ghost_cells_P(fi(:), d1(:), ibc(:), fp(-1:3), fbc(:))
      |                                                        1
Warning: Upper array reference at (1) is out of bounds (3 > 2) in dimension 1
src/operations.f90:2671:17:

 2671 |     else if (ibc(2 == IBC_DIRICHLET)) then
      |                 1
Error: Array index at (1) must be of INTEGER type, found LOGICAL
src/operations.f90:3015:56:

 3015 |     call buildup_ghost_cells_P(fi(:), d1(:), ibc(:), fp(-1:3), fbc(:))
      |                                                        1
Warning: Upper array reference at (1) is out of bounds (3 > 2) in dimension 1
src/operations.f90:3971:4:

 3971 |     d1(2) = dm%yp(dm%np) - dm%yp(dm%np-1)
      |    1
Error: Incompatible ranks 0 and 1 in assignment at (1)
src/operations.f90:3972:4:

 3972 |     d1(4) = dm%yp(dm%np-1) - dm%yp(dm%np-2)
      |    1
Error: Incompatible ranks 0 and 1 in assignment at (1)
src/operations.f90:3121:56:

 3121 |     call buildup_ghost_cells_C(fi(:), d1(:), ibc(:), fc(-1:3), fbc(:))
      |                                                        1
Warning: Upper array reference at (1) is out of bounds (3 > 2) in dimension 1
src/operations.f90:3220:56:

 3220 |     call buildup_ghost_cells_P(fi(:), d1(:), ibc(:), fp(-1:3), fbc(:))
      |                                                        1
Warning: Upper array reference at (1) is out of bounds (3 > 2) in dimension 1
src/operations.f90:2812:56:

 2812 |     call buildup_ghost_cells_C(fi(:), d1(:), ibc(:), fc(-1:3), fbc(:))
      |                                                        1
Warning: Upper array reference at (1) is out of bounds (3 > 2) in dimension 1
src/operations.f90:2722:56:

 2722 |     call buildup_ghost_cells_P(fi(:), d1(:), ibc(:), fp(-1:3), fbc(:))
      |                                                        1
Warning: Upper array reference at (1) is out of bounds (3 > 2) in dimension 1
make[1]: *** [Makefile:106: obj/operations.o] Error 1
make[1]: Leaving directory '/home/weiwang/work/11_CHAPSim/CHAPSim2'
make: *** [Makefile:111: all] Error 2
