           1           1           1   0.0000000000000000       -4.3270782333763423E-016   4.3270782333763423E-016
           1           1           2   9.8017140329560604E-002   9.9295471089822687E-002   1.2783307602620836E-003
           1           1           3  0.19509032201612825       0.19763467251262209        2.5443504964938468E-003
           1           1           4  0.29028467725446233       0.29407054400102600        3.7858667465636708E-003
           1           1           5  0.38268343236508978       0.38767435539538275        4.9909230302929708E-003
           1           1           6  0.47139673682599764       0.47754465082292796        6.1479139969303209E-003
           1           1           7  0.55557023301960218       0.56281593021058496        7.2456971909827805E-003
           1           1           8  0.63439328416364549       0.64266698452383297        8.2737003601874859E-003
           1           1           9  0.70710678118654746       0.71632880445859926        9.2220232720517936E-003
           1           1          10  0.77301045336273699       0.78309198642127920        1.0081533058542202E-002
           1           1          11  0.83146961230254524       0.84231356447309580        1.0843952170550564E-002
           1           1          12  0.88192126434835494       0.89342320244360562        1.1501938095250686E-002
           1           1          13  0.92387953251128674       0.93592868657977824        1.2049154068491497E-002
           1           1          14  0.95694033573220894       0.96942066583352637        1.2480330101317438E-002
           1           1          15  0.98078528040323043       0.99357659413605470        1.2791313732824272E-002
           1           1          16  0.99518472667219682        1.0081638366928380        1.2979110020641227E-002
           1           1          17   1.0000000000000000        1.0130419103838546        1.3041910383854605E-002
           1           1          18  0.99518472667219693        1.0081638366928365        1.2979110020639562E-002
           1           1          19  0.98078528040323043       0.99357659413605259        1.2791313732822163E-002
           1           1          20  0.95694033573220894       0.96942066583352271        1.2480330101313775E-002
           1           1          21  0.92387953251128674       0.93592868657977568        1.2049154068488943E-002
           1           1          22  0.88192126434835505       0.89342320244359985        1.1501938095244801E-002
           1           1          23  0.83146961230254546       0.84231356447309047        1.0843952170545013E-002
           1           1          24  0.77301045336273710       0.78309198642127176        1.0081533058534653E-002
           1           1          25  0.70710678118654757       0.71632880445859715        9.2220232720495732E-003
           1           1          26  0.63439328416364549       0.64266698452382354        8.2737003601780490E-003
           1           1          27  0.55557023301960218       0.56281593021057685        7.2456971909746759E-003
           1           1          28  0.47139673682599786       0.47754465082291697        6.1479139969191077E-003
           1           1          29  0.38268343236508989       0.38767435539537665        4.9909230302867535E-003
           1           1          30  0.29028467725446239       0.29407054400101412        3.7858667465517359E-003
           1           1          31  0.19509032201612861       0.19763467251261210        2.5443504964834940E-003
           1           1          32   9.8017140329560826E-002   9.9295471089809892E-002   1.2783307602490662E-003
           1           1          33   1.2246467991473532E-016   2.6745407372033904E-015   2.5520760572886553E-015
           1           1          34  -9.8017140329560590E-002  -9.9295471089820231E-002   1.2783307602596411E-003
           1           1          35 -0.19509032201612836      -0.19763467251262007        2.5443504964917096E-003
           1           1          36 -0.29028467725446211      -0.29407054400102373        3.7858667465616169E-003
           1           1          37 -0.38268343236508967      -0.38767435539538092        4.9909230302912500E-003
           1           1          38 -0.47139673682599764      -0.47754465082292596        6.1479139969283225E-003
           1           1          39 -0.55557023301960196      -0.56281593021058340        7.2456971909814483E-003
           1           1          40 -0.63439328416364527      -0.64266698452383131        8.2737003601860426E-003
           1           1          41 -0.70710678118654746      -0.71632880445859781        9.2220232720503503E-003
           1           1          42 -0.77301045336273666      -0.78309198642127797        1.0081533058541314E-002
           1           1          43 -0.83146961230254524      -0.84231356447309480        1.0843952170549565E-002
           1           1          44 -0.88192126434835494      -0.89342320244360440        1.1501938095249464E-002
           1           1          45 -0.92387953251128652      -0.93592868657977724        1.2049154068490719E-002
           1           1          46 -0.95694033573220882      -0.96942066583352515        1.2480330101316328E-002
           1           1          47 -0.98078528040323032      -0.99357659413605381        1.2791313732823495E-002
           1           1          48 -0.99518472667219693       -1.0081638366928367        1.2979110020639784E-002
           1           1          49  -1.0000000000000000       -1.0130419103838535        1.3041910383853494E-002
           1           1          50 -0.99518472667219693       -1.0081638366928352        1.2979110020638229E-002
           1           1          51 -0.98078528040323043      -0.99357659413605182        1.2791313732821386E-002
           1           1          52 -0.95694033573220894      -0.96942066583352160        1.2480330101312664E-002
           1           1          53 -0.92387953251128663      -0.93592868657977468        1.2049154068488055E-002
           1           1          54 -0.88192126434835505      -0.89342320244359841        1.1501938095243358E-002
           1           1          55 -0.83146961230254546      -0.84231356447308936        1.0843952170543902E-002
           1           1          56 -0.77301045336273688      -0.78309198642126998        1.0081533058533099E-002
           1           1          57 -0.70710678118654768      -0.71632880445859592        9.2220232720482409E-003
           1           1          58 -0.63439328416364593      -0.64266698452382165        8.2737003601757175E-003
           1           1          59 -0.55557023301960218      -0.56281593021057541        7.2456971909732326E-003
           1           1          60 -0.47139673682599792      -0.47754465082291481        6.1479139969168872E-003
           1           1          61 -0.38268343236509039      -0.38767435539537481        4.9909230302844221E-003
           1           1          62 -0.29028467725446250      -0.29407054400101174        3.7858667465492379E-003
           1           1          63 -0.19509032201612872      -0.19763467251260999        2.5443504964812735E-003
           1           1          64  -9.8017140329560506E-002  -9.9295471089807338E-002   1.2783307602468319E-003
           1           1          65  -2.4492935982947064E-016  -3.7979269245425579E-016   1.3486333262478515E-016
           1           1          66   9.8017140329560021E-002   9.9295471089822798E-002   1.2783307602627775E-003
           1           1          67  0.19509032201612825       0.19763467251262215        2.5443504964939023E-003
           1           1          68  0.29028467725446200       0.29407054400102611        3.7858667465641149E-003
           1           1          69  0.38268343236508995       0.38767435539538275        4.9909230302928043E-003
           1           1          70  0.47139673682599753       0.47754465082292796        6.1479139969304319E-003
           1           1          71  0.55557023301960184       0.56281593021058496        7.2456971909831136E-003
           1           1          72  0.63439328416364560       0.64266698452383275        8.2737003601871528E-003
           1           1          73  0.70710678118654735       0.71632880445859881        9.2220232720514606E-003
           1           1          74  0.77301045336273655       0.78309198642127875        1.0081533058542202E-002
           1           1          75  0.83146961230254524       0.84231356447309513        1.0843952170549898E-002
           1           1          76  0.88192126434835483       0.89342320244360474        1.1501938095249908E-002
           1           1          77  0.92387953251128652       0.93592868657977712        1.2049154068490608E-002
           1           1          78  0.95694033573220882       0.96942066583352504        1.2480330101316217E-002
           1           1          79  0.98078528040323032       0.99357659413605315        1.2791313732822829E-002
           1           1          80  0.99518472667219693        1.0081638366928363        1.2979110020639339E-002
           1           1          81   1.0000000000000000        1.0130419103838524        1.3041910383852384E-002
           1           1          82  0.99518472667219693        1.0081638366928343        1.2979110020637341E-002
           1           1          83  0.98078528040323065       0.99357659413605015        1.2791313732819498E-002
           1           1          84  0.95694033573220871       0.96942066583352005        1.2480330101311332E-002
           1           1          85  0.92387953251128674       0.93592868657977257        1.2049154068485834E-002
           1           1          86  0.88192126434835516       0.89342320244359652        1.1501938095241360E-002
           1           1          87  0.83146961230254557       0.84231356447308692        1.0843952170541349E-002
           1           1          88  0.77301045336273755       0.78309198642126798        1.0081533058530434E-002
           1           1          89  0.70710678118654835       0.71632880445859337        9.2220232720450213E-003
           1           1          90  0.63439328416364538       0.64266698452381954        8.2737003601741632E-003
           1           1          91  0.55557023301960229       0.56281593021057263        7.2456971909703460E-003
           1           1          92  0.47139673682599803       0.47754465082291264        6.1479139969146113E-003
           1           1          93  0.38268343236509050       0.38767435539537221        4.9909230302817020E-003
           1           1          94  0.29028467725446344       0.29407054400100957        3.7858667465461293E-003
           1           1          95  0.19509032201612797       0.19763467251260744        2.5443504964794694E-003
           1           1          96   9.8017140329560631E-002   9.9295471089805173E-002   1.2783307602445421E-003
           1           1          97   3.6739403974420594E-016  -2.0537359347653932E-015   2.4211299745095991E-015
           1           1          98  -9.8017140329559896E-002  -9.9295471089824949E-002   1.2783307602650534E-003
           1           1          99 -0.19509032201612725      -0.19763467251262473        2.5443504964974828E-003
           1           1         100 -0.29028467725446278      -0.29407054400102839        3.7858667465656137E-003
           1           1         101 -0.38268343236508984      -0.38767435539538547        4.9909230302956353E-003
           1           1         102 -0.47139673682599742      -0.47754465082293041        6.1479139969329855E-003
           1           1         103 -0.55557023301960173      -0.56281593021058784        7.2456971909861112E-003
           1           1         104 -0.63439328416364471      -0.64266698452383553        8.2737003601908166E-003
           1           1         105 -0.70710678118654791      -0.71632880445860181        9.2220232720539030E-003
           1           1         106 -0.77301045336273710      -0.78309198642128175        1.0081533058544645E-002
           1           1         107 -0.83146961230254512      -0.84231356447309835        1.0843952170553228E-002
           1           1         108 -0.88192126434835483      -0.89342320244360773        1.1501938095252906E-002
           1           1         109 -0.92387953251128641      -0.93592868657978034        1.2049154068493939E-002
           1           1         110 -0.95694033573220849      -0.96942066583352804        1.2480330101319548E-002
           1           1         111 -0.98078528040323054      -0.99357659413605648        1.2791313732825937E-002
           1           1         112 -0.99518472667219693       -1.0081638366928389        1.2979110020642004E-002
           1           1         113  -1.0000000000000000       -1.0130419103838557        1.3041910383855715E-002
           1           1         114 -0.99518472667219693       -1.0081638366928369        1.2979110020640006E-002
           1           1         115 -0.98078528040323065      -0.99357659413605337        1.2791313732822718E-002
           1           1         116 -0.95694033573220871      -0.96942066583352293        1.2480330101314219E-002
           1           1         117 -0.92387953251128674      -0.93592868657977579        1.2049154068489054E-002
           1           1         118 -0.88192126434835516      -0.89342320244359952        1.1501938095244357E-002
           1           1         119 -0.83146961230254557      -0.84231356447309025        1.0843952170544680E-002
           1           1         120 -0.77301045336273755      -0.78309198642127065        1.0081533058533099E-002
           1           1         121 -0.70710678118654846      -0.71632880445859637        9.2220232720479078E-003
           1           1         122 -0.63439328416364538      -0.64266698452382209        8.2737003601767167E-003
           1           1         123 -0.55557023301960240      -0.56281593021057563        7.2456971909732326E-003
           1           1         124 -0.47139673682599814      -0.47754465082291503        6.1479139969168872E-003
           1           1         125 -0.38268343236509061      -0.38767435539537493        4.9909230302843111E-003
           1           1         126 -0.29028467725446355      -0.29407054400101185        3.7858667465482942E-003
           1           1         127 -0.19509032201612808      -0.19763467251261005        2.5443504964819674E-003
           1           1         128  -9.8017140329560756E-002  -9.9295471089807422E-002   1.2783307602466654E-003
